<?xml version="1.0" encoding="UTF-8"?>
<!-- Generated by org.testng.reporters.JUnitReportReporter -->
<testsuite skipped="0" hostname="Mpendulo-PC" name="testDriver.TestBase" tests="1" failures="0" timestamp="04 Apr 2019 20:34:16 GMT" time="57.271" errors="0">
  <testcase name="execute_TestCase" time="57.271" classname="testDriver.TestBase"/>
</testsuite> <!-- testDriver.TestBase -->
